<?xml version="1.0" encoding="UTF-8"?>
<!-- Generated by org.testng.reporters.JUnitReportReporter -->
<testsuite hostname="DESKTOP-IV7DQAN" failures="0" tests="8" name="cucumberOptions.TestRunner" time="156.270" errors="0" timestamp="17 Jan 2022 10:58:28 GMT" skipped="0">
  <testcase classname="cucumberOptions.TestRunner" name="runScenario" time="26.809"/>
  <testcase classname="cucumberOptions.TestRunner" name="runScenario" time="18.213"/>
  <testcase classname="cucumberOptions.TestRunner" name="runScenario" time="28.521"/>
  <testcase classname="cucumberOptions.TestRunner" name="runScenario" time="16.381"/>
  <testcase classname="cucumberOptions.TestRunner" name="runScenario" time="8.996"/>
  <testcase classname="cucumberOptions.TestRunner" name="runScenario" time="17.837"/>
  <testcase classname="cucumberOptions.TestRunner" name="runScenario" time="24.890"/>
  <testcase classname="cucumberOptions.TestRunner" name="runScenario" time="14.623"/>
</testsuite> <!-- cucumberOptions.TestRunner -->
